<?xml version="1.0" encoding="UTF-8"?>
<testng-results ignored="0" total="1" passed="1" failed="0" skipped="0">
  <reporter-output>
  </reporter-output>
  <suite started-at="2025-09-30T07:04:57 IST" name="Default suite" finished-at="2025-09-30T07:04:57 IST" duration-ms="72">
    <groups>
    </groups>
    <test started-at="2025-09-30T07:04:57 IST" name="Default test" finished-at="2025-09-30T07:04:57 IST" duration-ms="72">
      <class name="Git_1.SeleniumProject">
        <test-method signature="SeleniumCode()[pri:0, instance:Git_1.SeleniumProject@702657cc]" started-at="2025-09-30T07:04:57 IST" name="SeleniumCode" finished-at="2025-09-30T07:04:57 IST" duration-ms="12" status="PASS">
          <reporter-output>
          </reporter-output>
        </test-method> <!-- SeleniumCode -->
      </class> <!-- Git_1.SeleniumProject -->
    </test> <!-- Default test -->
  </suite> <!-- Default suite -->
</testng-results>
