<?xml version="1.0" encoding="UTF-8"?>
<testng-results ignored="0" total="9" passed="9" failed="0" skipped="0">
  <reporter-output>
  </reporter-output>
  <suite started-at="2025-09-30T21:56:25 IST" name="Default suite" finished-at="2025-09-30T21:56:25 IST" duration-ms="130">
    <groups>
    </groups>
    <test started-at="2025-09-30T21:56:25 IST" name="Default test" finished-at="2025-09-30T21:56:25 IST" duration-ms="130">
      <class name="Git_1.SeleniumProject">
        <test-method signature="AdHocCode()[pri:0, instance:Git_1.SeleniumProject@5b12b668]" started-at="2025-09-30T21:56:25 IST" name="AdHocCode" finished-at="2025-09-30T21:56:25 IST" duration-ms="19" status="PASS">
          <reporter-output>
          </reporter-output>
        </test-method> <!-- AdHocCode -->
        <test-method signature="CITCode()[pri:0, instance:Git_1.SeleniumProject@5b12b668]" started-at="2025-09-30T21:56:25 IST" name="CITCode" finished-at="2025-09-30T21:56:25 IST" duration-ms="3" status="PASS">
          <reporter-output>
          </reporter-output>
        </test-method> <!-- CITCode -->
        <test-method signature="RELCode()[pri:0, instance:Git_1.SeleniumProject@5b12b668]" started-at="2025-09-30T21:56:25 IST" name="RELCode" finished-at="2025-09-30T21:56:25 IST" duration-ms="2" status="PASS">
          <reporter-output>
          </reporter-output>
        </test-method> <!-- RELCode -->
        <test-method signature="RegCode()[pri:0, instance:Git_1.SeleniumProject@5b12b668]" started-at="2025-09-30T21:56:25 IST" name="RegCode" finished-at="2025-09-30T21:56:25 IST" duration-ms="2" status="PASS">
          <reporter-output>
          </reporter-output>
        </test-method> <!-- RegCode -->
        <test-method signature="SITCode()[pri:0, instance:Git_1.SeleniumProject@5b12b668]" started-at="2025-09-30T21:56:25 IST" name="SITCode" finished-at="2025-09-30T21:56:25 IST" duration-ms="3" status="PASS">
          <reporter-output>
          </reporter-output>
        </test-method> <!-- SITCode -->
        <test-method signature="SanityCode()[pri:0, instance:Git_1.SeleniumProject@5b12b668]" started-at="2025-09-30T21:56:25 IST" name="SanityCode" finished-at="2025-09-30T21:56:25 IST" duration-ms="2" status="PASS">
          <reporter-output>
          </reporter-output>
        </test-method> <!-- SanityCode -->
        <test-method signature="SeleniumCode()[pri:0, instance:Git_1.SeleniumProject@5b12b668]" started-at="2025-09-30T21:56:25 IST" name="SeleniumCode" finished-at="2025-09-30T21:56:25 IST" duration-ms="2" status="PASS">
          <reporter-output>
          </reporter-output>
        </test-method> <!-- SeleniumCode -->
        <test-method signature="SmokeCode()[pri:0, instance:Git_1.SeleniumProject@5b12b668]" started-at="2025-09-30T21:56:25 IST" name="SmokeCode" finished-at="2025-09-30T21:56:25 IST" duration-ms="2" status="PASS">
          <reporter-output>
          </reporter-output>
        </test-method> <!-- SmokeCode -->
        <test-method signature="UATCode()[pri:0, instance:Git_1.SeleniumProject@5b12b668]" started-at="2025-09-30T21:56:25 IST" name="UATCode" finished-at="2025-09-30T21:56:25 IST" duration-ms="1" status="PASS">
          <reporter-output>
          </reporter-output>
        </test-method> <!-- UATCode -->
      </class> <!-- Git_1.SeleniumProject -->
    </test> <!-- Default test -->
  </suite> <!-- Default suite -->
</testng-results>
