<?xml version="1.0" encoding="UTF-8"?>
<!-- Generated by org.testng.reporters.JUnitReportReporter -->
<testsuite hostname="Suryakumar" failures="0" tests="9" name="Git_1.SeleniumProject" time="0.036" errors="0" timestamp="2025-09-30T21:56:26 IST" skipped="0">
  <testcase classname="Git_1.SeleniumProject" name="UATCode" time="0.001"/>
  <testcase classname="Git_1.SeleniumProject" name="AdHocCode" time="0.019"/>
  <testcase classname="Git_1.SeleniumProject" name="SmokeCode" time="0.002"/>
  <testcase classname="Git_1.SeleniumProject" name="SanityCode" time="0.002"/>
  <testcase classname="Git_1.SeleniumProject" name="CITCode" time="0.003"/>
  <testcase classname="Git_1.SeleniumProject" name="SITCode" time="0.003"/>
  <testcase classname="Git_1.SeleniumProject" name="SeleniumCode" time="0.002"/>
  <testcase classname="Git_1.SeleniumProject" name="RELCode" time="0.002"/>
  <testcase classname="Git_1.SeleniumProject" name="RegCode" time="0.002"/>
</testsuite> <!-- Git_1.SeleniumProject -->
